<?xml version="1.0" encoding="UTF-8"?>
<!-- Generated by org.testng.reporters.JUnitReportReporter -->
<testsuite hostname="TVDLT-0422" failures="0" tests="3" name="gs1ScenarioTest.GS1Test" time="13.542" errors="0" timestamp="2024-12-14T18:38:47 EET" skipped="0">
  <testcase classname="gs1ScenarioTest.GS1Test" name="Scenario1" time="7.277"/>
  <testcase classname="gs1ScenarioTest.GS1Test" name="Scenario2" time="4.130"/>
  <testcase classname="gs1ScenarioTest.GS1Test" name="Scenario3" time="2.135"/>
</testsuite> <!-- gs1ScenarioTest.GS1Test -->
